{
  "stats": {
    "suites": 1,
    "tests": 4,
    "passes": 4,
    "pending": 0,
    "failures": 0,
    "start": "2024-12-06T20:24:57.638Z",
    "end": "2024-12-06T20:25:26.748Z",
    "duration": 29110,
    "testsRegistered": 4,
    "passPercent": 100,
    "pendingPercent": 0,
    "other": 0,
    "hasOther": false,
    "skipped": 0,
    "hasSkipped": false
  },
  "results": [
    {
      "uuid": "737f1f66-38c1-4329-b6ae-34a92fd1abae",
      "title": "",
      "fullFile": "cypress\\e2e\\login\\login.cy.js",
      "file": "cypress\\e2e\\login\\login.cy.js",
      "beforeHooks": [],
      "afterHooks": [],
      "tests": [],
      "suites": [
        {
          "uuid": "aee38cfe-c6c9-4c29-92a3-5f695db5bc14",
          "title": "Login na plataforma Toro Investimentos",
          "fullFile": "",
          "file": "",
          "beforeHooks": [],
          "afterHooks": [],
          "tests": [
            {
              "title": "Login com credenciais corretas utilizando e-mail",
              "fullTitle": "Login na plataforma Toro Investimentos Login com credenciais corretas utilizando e-mail",
              "timedOut": null,
              "duration": 8653,
              "state": "passed",
              "speed": "medium",
              "pass": true,
              "fail": false,
              "pending": false,
              "context": null,
              "code": "cy.log('Given que o usuário acessa a página de login');\ncy.log('When o usuário insere um e-mail cadastrado no sistema e a senha correta');\ncy.log('And clica no botão \"Entrar\"');\ncy.log('Then o drawer deve ser exibido com a mensagem \"Baixe o aplicativo da Toro para gerar o Token e acessar sua conta\"');\ncy.waitForPageLoad();\ncy.login(this.users.validEmailUser.login, this.users.validEmailUser.password);\nloginPage.checkModalMessage('Baixe o aplicativo da Toro para gerar o Token e acessar sua conta');",
              "err": {},
              "uuid": "7d3bb713-5c8b-4a63-8c9c-1926a9c60bb3",
              "parentUUID": "aee38cfe-c6c9-4c29-92a3-5f695db5bc14",
              "isHook": false,
              "skipped": false
            },
            {
              "title": "Login com credenciais corretas utilizando CPF (somente números)",
              "fullTitle": "Login na plataforma Toro Investimentos Login com credenciais corretas utilizando CPF (somente números)",
              "timedOut": null,
              "duration": 7238,
              "state": "passed",
              "speed": "medium",
              "pass": true,
              "fail": false,
              "pending": false,
              "context": null,
              "code": "cy.log('Given que o usuário acessa a página de login');\ncy.log('When o usuário insere um CPF cadastrado no sistema, apenas com os números, e a senha correta');\ncy.log('And clica no botão \"Entrar\"');\ncy.log('Then o drawer deve ser exibido com a mensagem \"Baixe o aplicativo da Toro para gerar o Token e acessar sua conta\"');\ncy.waitForPageLoad();\ncy.login(this.users.validCpfUser.login, this.users.validCpfUser.password);\nloginPage.checkModalMessage('Baixe o aplicativo da Toro para gerar o Token e acessar sua conta');",
              "err": {},
              "uuid": "a055bb0e-e8c3-4c68-b763-329d7ea72b57",
              "parentUUID": "aee38cfe-c6c9-4c29-92a3-5f695db5bc14",
              "isHook": false,
              "skipped": false
            },
            {
              "title": "Login com e-mail cadastrado e senha incorreta",
              "fullTitle": "Login na plataforma Toro Investimentos Login com e-mail cadastrado e senha incorreta",
              "timedOut": null,
              "duration": 6960,
              "state": "passed",
              "speed": "medium",
              "pass": true,
              "fail": false,
              "pending": false,
              "context": null,
              "code": "cy.log('Given que o usuário acessa a página de login');\ncy.log('When o usuário insere um e-mail cadastrado no sistema e uma senha incorreta');\ncy.log('And clica no botão \"Entrar\"');\ncy.log('Then a mensagem \"Dados incorretos. Digite novamente.\" deve ser exibida acima do campo de login');\ncy.waitForPageLoad();\ncy.login(this.users.invalidPasswordEmailUser.login, this.users.invalidPasswordEmailUser.password);\nloginPage.checkErrorMessage('Dados incorretos. Digite novamente.');",
              "err": {},
              "uuid": "b5814b63-7f52-4502-96fd-0d2d079f42ad",
              "parentUUID": "aee38cfe-c6c9-4c29-92a3-5f695db5bc14",
              "isHook": false,
              "skipped": false
            },
            {
              "title": "Login com CPF cadastrado e senha incorreta",
              "fullTitle": "Login na plataforma Toro Investimentos Login com CPF cadastrado e senha incorreta",
              "timedOut": null,
              "duration": 5781,
              "state": "passed",
              "speed": "medium",
              "pass": true,
              "fail": false,
              "pending": false,
              "context": null,
              "code": "cy.log('Given que o usuário acessa a página de login');\ncy.log('When o usuário insere um CPF cadastrado no sistema e uma senha incorreta');\ncy.log('And clica no botão \"Entrar\"');\ncy.log('Then a mensagem \"Dados incorretos. Digite novamente.\" deve ser exibida acima do campo de login');\ncy.waitForPageLoad();\ncy.login(this.users.invalidPasswordCPFUser.login, this.users.invalidPasswordCPFUser.password);\nloginPage.checkErrorMessage('Dados incorretos. Digite novamente.');",
              "err": {},
              "uuid": "80efdffb-04a4-4dce-a9b8-8fd274f6d993",
              "parentUUID": "aee38cfe-c6c9-4c29-92a3-5f695db5bc14",
              "isHook": false,
              "skipped": false
            }
          ],
          "suites": [],
          "passes": [
            "7d3bb713-5c8b-4a63-8c9c-1926a9c60bb3",
            "a055bb0e-e8c3-4c68-b763-329d7ea72b57",
            "b5814b63-7f52-4502-96fd-0d2d079f42ad",
            "80efdffb-04a4-4dce-a9b8-8fd274f6d993"
          ],
          "failures": [],
          "pending": [],
          "skipped": [],
          "duration": 28632,
          "root": false,
          "rootEmpty": false,
          "_timeout": 2000
        }
      ],
      "passes": [],
      "failures": [],
      "pending": [],
      "skipped": [],
      "duration": 0,
      "root": true,
      "rootEmpty": true,
      "_timeout": 2000
    }
  ],
  "meta": {
    "mocha": {
      "version": "7.0.1"
    },
    "mochawesome": {
      "options": {
        "quiet": false,
        "reportFilename": "mochawesome",
        "saveHtml": false,
        "saveJson": true,
        "consoleReporter": "spec",
        "useInlineDiffs": false,
        "code": true
      },
      "version": "7.1.3"
    },
    "marge": {
      "options": {
        "reportDir": "cypress/reports/mochawesome",
        "overwrite": false,
        "html": false,
        "json": true
      },
      "version": "6.2.0"
    }
  }
}